<?xml version="1.0" encoding="UTF-8"?>
<!-- Generated by org.testng.reporters.JUnitReportReporter -->
<testsuite hostname="abatool-PC" name="loginPageTCs.LoginPageTCs" tests="1" failures="0" timestamp="6 Apr 2015 09:58:24 GMT" time="29.888" errors="0">
  <testcase name="LoginTest" time="29.888" classname="loginPageTCs.LoginPageTCs"/>
</testsuite> <!-- loginPageTCs.LoginPageTCs -->
